2012-05-09 21:58:10.887+0000: Creating new db @ C:\Users\Sam\Documents\Personal\Graphetry\gdbfolder\neostore
2012-05-09 21:58:14.416+0000: Opened [C:\Users\Sam\Documents\Personal\Graphetry\gdbfolder\nioneo_logical.log.1] clean empty log, version=0, lastTxId=1
2012-05-09 21:58:14.473+0000: TM new log: tm_tx_log.1
2012-05-09 21:58:14.534+0000: Opened [C:\Users\Sam\Documents\Personal\Graphetry\gdbfolder\index\lucene.log.1] clean empty log, version=0, lastTxId=1
2012-05-09 21:58:14.579+0000: --- STARTUP diagnostics START ---
2012-05-09 21:58:14.580+0000: Neo4j Kernel properties:
    store_dir=C:\Users\Sam\Documents\Personal\Graphetry\gdbfolder
    remote_logging_host=127.0.0.1
    read_only=false
    neo4j.ext.udc.host=udc.neo4j.org
    logical_log=C:\Users\Sam\Documents\Personal\Graphetry\gdbfolder\nioneo_logical.log
    remote_logging_port=4560
    gc_monitor_threshold=200ms
    load_kernel_extensions=true
    array_block_size=120
    intercept_committing_transactions=false
    node_auto_indexing=false
    neostore.relationshipstore.db.mapped_memory=66M
    remote_shell_name=shell
    dump_configuration=false
    gc_monitor_wait_time=100ms
    cache_type=soft
    intercept_deserialized_transactions=false
    neostore.nodestore.db.mapped_memory=14M
    neo4j.ext.udc.first_delay=600000
    remote_shell_enabled=false
    neo4j.ext.udc.reg=unreg
    remote_shell_port=1337
    lucene_searcher_cache_size=2147483647
    neo4j.ext.udc.interval=86400000
    use_memory_mapped_buffers=false
    rebuild_idgenerators_fast=true
    ephemeral=false
    neostore.propertystore.db.index.keys.mapped_memory=1M
    neostore.propertystore.db.strings.mapped_memory=45M
    neostore.propertystore.db.arrays.mapped_memory=52M
    neo_store=C:\Users\Sam\Documents\Personal\Graphetry\gdbfolder\neostore
    neostore.propertystore.db.index.mapped_memory=1M
    backup_slave=false
    neostore.propertystore.db.mapped_memory=54M
    gcr_cache_min_log_interval=60s
    relationship_auto_indexing=false
    relationship_grab_size=100
    string_block_size=120
    remote_shell_read_only=false
    lucene_writer_cache_size=2147483647
    grab_file_lock=true
    node_cache_array_fraction=1.0
    remote_logging_enabled=false
    allow_store_upgrade=false
    execution_guard_enabled=false
    neo4j.ext.udc.enabled=true
    relationship_cache_array_fraction=1.0
2012-05-09 21:58:14.587+0000: Diagnostics providers:
    org.neo4j.kernel.configuration.Config
    org.neo4j.kernel.info.DiagnosticsManager
    SYSTEM_MEMORY
    JAVA_MEMORY
    OPERATING_SYSTEM
    JAVA_VIRTUAL_MACHINE
    CLASSPATH
    LIBRARY_PATH
    SYSTEM_PROPERTIES
2012-05-09 21:58:14.589+0000: System memory information:
    Total Physical memory: 3.87 GB
    Free Physical memory: 1.03 GB
    Committed virtual memory: 101.31 MB
    Total swap space: 7.74 GB
    Free swap space: 3.84 GB
2012-05-09 21:58:14.602+0000: JVM memory information:
    Free  memory: 45.70 MB
    Total memory: 59.44 MB
    Max   memory: 881.81 MB
    Garbage Collector: PS Scavenge: [PS Eden Space, PS Survivor Space]
    Garbage Collector: PS MarkSweep: [PS Eden Space, PS Survivor Space, PS Old Gen, PS Perm Gen]
    Memory Pool: Code Cache (Non-heap memory): committed=2.44 MB, used=482.56 kB, max=48.00 MB, threshold=0.00 B
    Memory Pool: PS Eden Space (Heap memory): committed=15.50 MB, used=13.74 MB, max=325.50 MB, threshold=?
    Memory Pool: PS Survivor Space (Heap memory): committed=2.56 MB, used=0.00 B, max=2.56 MB, threshold=?
    Memory Pool: PS Old Gen (Heap memory): committed=41.38 MB, used=0.00 B, max=661.38 MB, threshold=0.00 B
    Memory Pool: PS Perm Gen (Non-heap memory): committed=20.75 MB, used=7.86 MB, max=82.00 MB, threshold=0.00 B
2012-05-09 21:58:14.610+0000: Operating system information:
    Operating System: Windows 7; version: 6.1; arch: amd64; cpus: 2
    Process id: 2352@SamW7
    Byte order: LITTLE_ENDIAN
2012-05-09 21:58:14.624+0000: JVM information:
    VM Name: Java HotSpot(TM) 64-Bit Server VM
    VM Vendor: Sun Microsystems Inc.
    VM Version: 20.4-b02
    JIT compiler: HotSpot 64-Bit Tiered Compilers
    VM Arguments: [-Xdebug, -Xrunjdwp:transport=dt_shmem,address=javadebug, -Dfile.encoding=UTF-8]
2012-05-09 21:58:14.627+0000: Java classpath:
     [bootstrap] C:\Program Files\Java\jdk1.6.0_29\jre\lib\modules\jdk.boot.jar
     [classpath + loader.0] file:/C:/Users/Sam/Documents/Personal/Graphetry/src/
     [classpath + loader.0] file:/C:/Users/Sam/Documents/Personal/Graphetry/lib/neo4j/neo4j-community-1.7.jar
     [classpath + loader.0] file:/C:/Users/Sam/Documents/Personal/Graphetry/build/classes/
     [classpath + loader.0] file:/C:/Users/Sam/Documents/Personal/Graphetry/lib/neo4j/neo4j-udc-1.7.jar
     [bootstrap] C:\Program Files\Java\jdk1.6.0_29\jre\lib\jsse.jar
     [bootstrap] C:\Program Files\Java\jdk1.6.0_29\jre\lib\jce.jar
     [classpath + loader.0] file:/C:/Users/Sam/Documents/Personal/Graphetry/lib/neo4j/geronimo-jta_1.1_spec-1.1.1.jar
     [bootstrap] C:\Program Files\Java\jdk1.6.0_29\jre\lib\rt.jar
     [classpath + loader.0] file:/C:/Users/Sam/Documents/Personal/Graphetry/lib/neo4j/neo4j-graph-algo-1.7.jar
     [loader.1] file:/C:/Program%20Files/Java/jdk1.6.0_29/jre/lib/ext/sunjce_provider.jar
     [bootstrap] C:\Program Files\Java\jdk1.6.0_29\jre\lib\sunrsasign.jar
     [classpath + loader.0] file:/C:/Users/Sam/Documents/Personal/Graphetry/lib/neo4j/lucene-core-3.5.0.jar
     [classpath + loader.0] file:/C:/Users/Sam/Documents/Personal/Graphetry/lib/neo4j/org.apache.servicemix.bundles.jline-0.9.94_1.jar
     [classpath + loader.0] file:/C:/Users/Sam/Documents/Personal/Graphetry/lib/neo4j/neo4j-cypher-1.7.jar
     [classpath + loader.0] file:/C:/Users/Sam/Documents/Personal/Graphetry/lib/neo4j/neo4j-lucene-index-1.7.jar
     [bootstrap] C:\Program Files\Java\jdk1.6.0_29\jre\classes
     [classpath + loader.0] file:/C:/Users/Sam/Documents/Personal/Graphetry/lib/neo4j/neo4j-jmx-1.7.jar
     [bootstrap] C:\Program Files\Java\jdk1.6.0_29\jre\lib\charsets.jar
     [classpath + loader.0] file:/C:/Users/Sam/Documents/Personal/Graphetry/lib/neo4j/neo4j-kernel-1.7.jar
     [classpath + loader.0] file:/C:/Users/Sam/Documents/Personal/Graphetry/lib/neo4j/neo4j-shell-1.7.jar
     [classpath + loader.0] file:/C:/Users/Sam/Documents/Personal/Graphetry/lib/commons-lang3-3.1.jar
     [bootstrap] C:\Program Files\Java\jdk1.6.0_29\jre\lib\resources.jar
     [classpath + loader.0] file:/C:/Users/Sam/Documents/Personal/Graphetry/lib/neo4j/scala-library-2.9.0-1.jar
     [loader.1] file:/C:/Program%20Files/Java/jdk1.6.0_29/jre/lib/ext/dnsns.jar
     [classpath + loader.0] file:/C:/Users/Sam/Documents/Personal/Graphetry/lib/commons-codec-1.6.jar
     [classpath + loader.0] file:/C:/Users/Sam/Documents/Personal/Graphetry/lib/neo4j/neo4j-graph-matching-1.7.jar
     [loader.1] file:/C:/Program%20Files/Java/jdk1.6.0_29/jre/lib/ext/localedata.jar
     [classpath + loader.0] file:/C:/Users/Sam/Documents/Personal/Graphetry/lib/neo4j/server-api-1.7.jar
2012-05-09 21:58:14.636+0000: Library path:
    C:\Program Files\Java\jdk1.6.0_29\bin
    C:\Windows\Sun\Java\bin
    C:\Windows\System32
    C:\Windows
    C:\Windows\System32
    C:\Windows
    C:\Windows\System32\wbem
    C:\Windows\System32\WindowsPowerShell\v1.0
    C:\Program Files (x86)\ATI Technologies\ATI.ACE\Core-Static
    C:\Program Files\TortoiseSVN\bin
    C:\Program Files (x86)\Git\cmd
    C:\Program Files (x86)\Microsoft SQL Server\100\Tools\Binn\VSShell\Common7\IDE
    C:\Program Files (x86)\Microsoft SQL Server\100\Tools\Binn
    C:\Program Files\Microsoft SQL Server\100\Tools\Binn
    C:\Program Files (x86)\Microsoft SQL Server\100\DTS\Binn
    C:\Ruby193\bin
    C:\Program Files (x86)\Google\google_appengine
    C:\Users\Sam\Documents\Personal\Graphetry
2012-05-09 21:58:14.642+0000: System.properties:
    sun.boot.library.path = C:\Program Files\Java\jdk1.6.0_29\jre\bin
    path.separator = ;
    file.encoding.pkg = sun.io
    sun.java.launcher = SUN_STANDARD
    user.country = US
    sun.os.patch.level = Service Pack 1
    user.dir = C:\Users\Sam\Documents\Personal\Graphetry
    user.variant = 
    sun.jnu.encoding = Cp1252
    sun.management.compiler = HotSpot 64-Bit Tiered Compilers
    user.home = C:\Users\Sam
    user.timezone = America/Los_Angeles
    file.encoding = UTF-8
    user.name = Sam
    sun.java.command = graphetry.Graphetry
    sun.arch.data.model = 64
    user.language = en
    awt.toolkit = sun.awt.windows.WToolkit
    file.separator = \
    sun.io.unicode.encoding = UnicodeLittle
    sun.cpu.endian = little
    sun.desktop = windows
    sun.cpu.isalist = amd64
2012-05-09 21:58:14.645+0000: --- STARTUP diagnostics END ---
2012-05-09 21:58:14.722+0000: Extension org.neo4j.kernel.KernelExtension[kernel jmx] loaded ok
2012-05-09 21:58:14.725+0000: Extension org.neo4j.kernel.KernelExtension[shell] loaded ok
2012-05-09 21:58:14.755+0000: Extension org.neo4j.kernel.KernelExtension[kernel udc] loaded ok
2012-05-09 21:58:14.760+0000: --- STARTUP diagnostics for KernelDiagnostics:Versions START ---
2012-05-09 21:58:14.760+0000: Graph Database: org.neo4j.kernel.EmbeddedGraphDatabase StoreId[time:1336600690904, id:-7948522166145243041, store version: 13561656364791302]
2012-05-09 21:58:14.760+0000: Kernel version: Neo4j - Graph Database Kernel 1.7
2012-05-09 21:58:14.760+0000: Neo4j component versions:
2012-05-09 21:58:14.761+0000:   Neo4j - Graph Database Kernel 1.7
2012-05-09 21:58:14.761+0000: --- STARTUP diagnostics for KernelDiagnostics:Versions END ---
2012-05-09 21:58:14.764+0000: --- STARTUP diagnostics for NEO_STORE_VERSIONS START ---
2012-05-09 21:58:14.764+0000: Store versions:
    Store versions:
      NeoStore v0.A.0
      NodeStore v0.A.0
      RelationshipStore v0.A.0
      RelationshipTypeStore v0.A.0
      PropertyStore v0.A.0
      PropertyIndexStore v0.A.0
      StringPropertyStore v0.A.0
      ArrayPropertyStore v0.A.0
2012-05-09 21:58:14.767+0000: --- STARTUP diagnostics for NEO_STORE_VERSIONS END ---
2012-05-09 21:58:14.768+0000: --- STARTUP diagnostics for NEO_STORE_ID_USAGE START ---
2012-05-09 21:58:14.768+0000: Id usage:
    Id usage:
      NodeStore: used=1 high=0
      RelationshipStore: used=0 high=-1
      RelationshipTypeStore: used=0 high=-1
      PropertyStore: used=0 high=-1
      PropertyIndexStore: used=0 high=-1
      StringPropertyStore: used=1 high=0
      ArrayPropertyStore: used=1 high=0
2012-05-09 21:58:14.772+0000: --- STARTUP diagnostics for NEO_STORE_ID_USAGE END ---
2012-05-09 21:58:14.772+0000: --- STARTUP diagnostics for KernelDiagnostics:StoreFiles START ---
2012-05-09 21:58:14.773+0000: Storage files:
    active_tx_log: 11.00 B
    index:
      lucene-store.db: 40.00 B
      lucene.log.1: 16.00 B
      lucene.log.active: 4.00 B
    - Total: 60.00 B
    lock: 0.00 B
    messages.log: 10.36 kB
    neostore: 54.00 B
    neostore.id: 9.00 B
    neostore.nodestore.db: 9.00 B
    neostore.nodestore.db.id: 9.00 B
    neostore.propertystore.db: 0.00 B
    neostore.propertystore.db.arrays: 128.00 B
    neostore.propertystore.db.arrays.id: 9.00 B
    neostore.propertystore.db.id: 9.00 B
    neostore.propertystore.db.index: 0.00 B
    neostore.propertystore.db.index.id: 9.00 B
    neostore.propertystore.db.index.keys: 38.00 B
    neostore.propertystore.db.index.keys.id: 9.00 B
    neostore.propertystore.db.strings: 128.00 B
    neostore.propertystore.db.strings.id: 9.00 B
    neostore.relationshipstore.db: 0.00 B
    neostore.relationshipstore.db.id: 9.00 B
    neostore.relationshiptypestore.db: 0.00 B
    neostore.relationshiptypestore.db.id: 9.00 B
    neostore.relationshiptypestore.db.names: 38.00 B
    neostore.relationshiptypestore.db.names.id: 9.00 B
    nioneo_logical.log.1: 16.00 B
    nioneo_logical.log.active: 4.00 B
    tm_tx_log.1: 0.00 B
2012-05-09 21:58:14.785+0000: --- STARTUP diagnostics for KernelDiagnostics:StoreFiles END ---
2012-05-09 21:58:14.801+0000: Started - database is now available
2012-05-09 21:58:14.805+0000: GC Monitor started. 
2012-05-09 21:58:41.951+0000: GC Monitor: Application threads blocked for an additional 145ms [total block time: 0.145s]
2012-05-09 21:58:46.806+0000: GC Monitor: Application threads blocked for an additional 105ms [total block time: 0.25s]
2012-05-09 21:58:49.467+0000: GC Monitor: Application threads blocked for an additional 184ms [total block time: 0.434s]
2012-05-09 21:58:55.778+0000: GC Monitor: Application threads blocked for an additional 165ms [total block time: 0.599s]
2012-05-09 21:59:11.006+0000: GC Monitor: Application threads blocked for an additional 116ms [total block time: 0.715s]
2012-05-09 22:00:26.080+0000: GC Monitor: Application threads blocked for an additional 201ms [total block time: 0.916s]
2012-05-09 22:02:50.487+0000: GC Monitor: Application threads blocked for an additional 256ms [total block time: 1.172s]
2012-05-09 22:02:51.518+0000: GC Monitor: Application threads blocked for an additional 317ms [total block time: 1.489s]
2012-05-09 22:02:51.830+0000: GC Monitor: Application threads blocked for an additional 185ms [total block time: 1.674s]
2012-05-09 22:04:17.017+0000: GC Monitor: Application threads blocked for an additional 210ms [total block time: 1.884s]
2012-05-09 22:04:38.694+0000: GC Monitor: Application threads blocked for an additional 102ms [total block time: 1.986s]
2012-05-09 22:05:12.470+0000: GC Monitor: Application threads blocked for an additional 195ms [total block time: 2.181s]
2012-11-29 22:05:39.724+0000: C:\Users\Sam\Documents\Personal\Graphetry\gdbfolder\neostore.relationshiptypestore.db.names non clean shutdown detected
2012-11-29 22:05:39.753+0000: C:\Users\Sam\Documents\Personal\Graphetry\gdbfolder\neostore.relationshiptypestore.db non clean shutdown detected
2012-11-29 22:05:39.756+0000: C:\Users\Sam\Documents\Personal\Graphetry\gdbfolder\neostore.propertystore.db.strings non clean shutdown detected
2012-11-29 22:05:39.759+0000: C:\Users\Sam\Documents\Personal\Graphetry\gdbfolder\neostore.propertystore.db.index.keys non clean shutdown detected
2012-11-29 22:05:39.764+0000: C:\Users\Sam\Documents\Personal\Graphetry\gdbfolder\neostore.propertystore.db.index non clean shutdown detected
2012-11-29 22:05:39.767+0000: C:\Users\Sam\Documents\Personal\Graphetry\gdbfolder\neostore.propertystore.db.arrays non clean shutdown detected
2012-11-29 22:05:39.776+0000: C:\Users\Sam\Documents\Personal\Graphetry\gdbfolder\neostore.propertystore.db non clean shutdown detected
2012-11-29 22:05:39.781+0000: C:\Users\Sam\Documents\Personal\Graphetry\gdbfolder\neostore.relationshipstore.db non clean shutdown detected
2012-11-29 22:05:39.785+0000: C:\Users\Sam\Documents\Personal\Graphetry\gdbfolder\neostore.nodestore.db non clean shutdown detected
2012-11-29 22:05:39.791+0000: C:\Users\Sam\Documents\Personal\Graphetry\gdbfolder\neostore non clean shutdown detected
2012-11-29 22:05:39.808+0000: Non clean shutdown detected on log [C:\Users\Sam\Documents\Personal\Graphetry\gdbfolder\nioneo_logical.log.1]. Recovery started ...
2012-11-29 22:05:39.827+0000: [C:\Users\Sam\Documents\Personal\Graphetry\gdbfolder\nioneo_logical.log.1] logVersion=0 with committed tx=1
2012-11-29 22:05:41.597+0000: [C:\Users\Sam\Documents\Personal\Graphetry\gdbfolder\nioneo_logical.log.1] entries found=68963 lastEntryPos=4033629
2012-11-29 22:05:41.600+0000: Internal recovery completed, scanned 68963 log entries. Recovered 2359 transactions. Last tx recovered: 2360
2012-11-29 22:05:41.600+0000: XaResourceManager[C:\Users\Sam\Documents\Personal\Graphetry\gdbfolder\nioneo_logical.log] sorting 1 xids
2012-11-29 22:05:41.601+0000: XaResourceManager[C:\Users\Sam\Documents\Personal\Graphetry\gdbfolder\nioneo_logical.log] checkRecoveryComplete 0 xids
2012-11-29 22:05:42.165+0000: C:\Users\Sam\Documents\Personal\Graphetry\gdbfolder\neostore.relationshiptypestore.db.names rebuild id generator, highId=3 defragged count=0
2012-11-29 22:05:42.390+0000: C:\Users\Sam\Documents\Personal\Graphetry\gdbfolder\neostore.propertystore.db.index.keys rebuild id generator, highId=4 defragged count=0
2012-11-29 22:05:42.508+0000: C:\Users\Sam\Documents\Personal\Graphetry\gdbfolder\neostore.propertystore.db.index rebuild id generator, highId=3 defragged count=0
2012-11-29 22:05:42.614+0000: C:\Users\Sam\Documents\Personal\Graphetry\gdbfolder\neostore.propertystore.db.strings rebuild id generator, highId=1 defragged count=0
2012-11-29 22:05:42.727+0000: C:\Users\Sam\Documents\Personal\Graphetry\gdbfolder\neostore.propertystore.db.arrays rebuild id generator, highId=1 defragged count=0
2012-11-29 22:05:43.048+0000: C:\Users\Sam\Documents\Personal\Graphetry\gdbfolder\neostore.propertystore.db rebuild id generator, highId=3019 defragged count=0
2012-11-29 22:05:43.156+0000: C:\Users\Sam\Documents\Personal\Graphetry\gdbfolder\neostore.relationshipstore.db rebuild id generator, highId=27371 defragged count=0
2012-11-29 22:05:43.404+0000: C:\Users\Sam\Documents\Personal\Graphetry\gdbfolder\neostore.nodestore.db rebuild id generator, highId=3020 defragged count=0
2012-11-29 22:05:43.479+0000: C:\Users\Sam\Documents\Personal\Graphetry\gdbfolder\neostore rebuild id generator, highId=6 defragged count=0
2012-11-29 22:05:43.530+0000: XaResourceManager[C:\Users\Sam\Documents\Personal\Graphetry\gdbfolder\nioneo_logical.log] recovery completed.
2012-11-29 22:05:43.530+0000: Recovery on log [C:\Users\Sam\Documents\Personal\Graphetry\gdbfolder\nioneo_logical.log.1] completed.
2012-11-29 22:05:43.539+0000: TM opening log: C:\Users\Sam\Documents\Personal\Graphetry\gdbfolder\tm_tx_log.2
2012-11-29 22:05:43.580+0000: Non clean shutdown detected on log [C:\Users\Sam\Documents\Personal\Graphetry\gdbfolder\index\lucene.log.1]. Recovery started ...
2012-11-29 22:05:43.598+0000: [C:\Users\Sam\Documents\Personal\Graphetry\gdbfolder\index\lucene.log.1] logVersion=0 with committed tx=1
2012-11-29 22:06:37.521+0000: [C:\Users\Sam\Documents\Personal\Graphetry\gdbfolder\index\lucene.log.1] entries found=12301 lastEntryPos=576059
2012-11-29 22:06:37.529+0000: Internal recovery completed, scanned 12301 log entries. Recovered 1352 transactions. Last tx recovered: 1353
2012-11-29 22:06:37.529+0000: XaResourceManager[C:\Users\Sam\Documents\Personal\Graphetry\gdbfolder\index\lucene.log] sorting 1 xids
2012-11-29 22:06:37.530+0000: XaResourceManager[C:\Users\Sam\Documents\Personal\Graphetry\gdbfolder\index\lucene.log] checkRecoveryComplete 0 xids
2012-11-29 22:06:37.530+0000: XaResourceManager[C:\Users\Sam\Documents\Personal\Graphetry\gdbfolder\index\lucene.log] recovery completed.
2012-11-29 22:06:37.530+0000: Recovery on log [C:\Users\Sam\Documents\Personal\Graphetry\gdbfolder\index\lucene.log.1] completed.
2012-11-29 22:06:37.532+0000: --- STARTUP diagnostics START ---
2012-11-29 22:06:37.533+0000: Neo4j Kernel properties:
    store_dir=C:\Users\Sam\Documents\Personal\Graphetry\gdbfolder
    remote_logging_host=127.0.0.1
    read_only=false
    neo4j.ext.udc.host=udc.neo4j.org
    logical_log=C:\Users\Sam\Documents\Personal\Graphetry\gdbfolder\nioneo_logical.log
    remote_logging_port=4560
    gc_monitor_threshold=200ms
    load_kernel_extensions=true
    array_block_size=120
    intercept_committing_transactions=false
    node_auto_indexing=false
    neostore.relationshipstore.db.mapped_memory=100M
    remote_shell_name=shell
    dump_configuration=false
    gc_monitor_wait_time=100ms
    cache_type=soft
    intercept_deserialized_transactions=false
    neostore.nodestore.db.mapped_memory=22M
    neo4j.ext.udc.first_delay=600000
    remote_shell_enabled=false
    neo4j.ext.udc.reg=unreg
    remote_shell_port=1337
    lucene_searcher_cache_size=2147483647
    neo4j.ext.udc.interval=86400000
    use_memory_mapped_buffers=false
    rebuild_idgenerators_fast=true
    ephemeral=false
    neostore.propertystore.db.index.keys.mapped_memory=1M
    neostore.propertystore.db.strings.mapped_memory=69M
    neostore.propertystore.db.arrays.mapped_memory=79M
    neo_store=C:\Users\Sam\Documents\Personal\Graphetry\gdbfolder\neostore
    neostore.propertystore.db.index.mapped_memory=1M
    backup_slave=false
    neostore.propertystore.db.mapped_memory=81M
    gcr_cache_min_log_interval=60s
    relationship_auto_indexing=false
    relationship_grab_size=100
    string_block_size=120
    remote_shell_read_only=false
    lucene_writer_cache_size=2147483647
    grab_file_lock=true
    node_cache_array_fraction=1.0
    remote_logging_enabled=false
    allow_store_upgrade=false
    execution_guard_enabled=false
    neo4j.ext.udc.enabled=true
    relationship_cache_array_fraction=1.0
2012-11-29 22:06:37.539+0000: Diagnostics providers:
    org.neo4j.kernel.configuration.Config
    org.neo4j.kernel.info.DiagnosticsManager
    SYSTEM_MEMORY
    JAVA_MEMORY
    OPERATING_SYSTEM
    JAVA_VIRTUAL_MACHINE
    CLASSPATH
    LIBRARY_PATH
    SYSTEM_PROPERTIES
2012-11-29 22:06:37.542+0000: System memory information:
    Total Physical memory: 5.87 GB
    Free Physical memory: 2.80 GB
    Committed virtual memory: 293.88 MB
    Total swap space: 11.74 GB
    Free swap space: 8.18 GB
2012-11-29 22:06:37.546+0000: JVM memory information:
    Free  memory: 80.63 MB
    Total memory: 143.63 MB
    Max   memory: 1.31 GB
    Garbage Collector: PS Scavenge: [PS Eden Space, PS Survivor Space]
    Garbage Collector: PS MarkSweep: [PS Eden Space, PS Survivor Space, PS Old Gen, PS Perm Gen]
    Memory Pool: Code Cache (Non-heap memory): committed=2.63 MB, used=2.53 MB, max=48.00 MB, threshold=0.00 B
    Memory Pool: PS Eden Space (Heap memory): committed=80.25 MB, used=58.99 MB, max=496.00 MB, threshold=?
    Memory Pool: PS Survivor Space (Heap memory): committed=704.00 kB, used=640.78 kB, max=704.00 kB, threshold=?
    Memory Pool: PS Old Gen (Heap memory): committed=62.69 MB, used=3.38 MB, max=1002.69 MB, threshold=0.00 B
    Memory Pool: PS Perm Gen (Non-heap memory): committed=20.75 MB, used=10.87 MB, max=82.00 MB, threshold=0.00 B
2012-11-29 22:06:37.556+0000: Operating system information:
    Operating System: Windows 7; version: 6.1; arch: amd64; cpus: 2
    Process id: 5100@SamW7
    Byte order: LITTLE_ENDIAN
2012-11-29 22:06:37.578+0000: JVM information:
    VM Name: Java HotSpot(TM) 64-Bit Server VM
    VM Vendor: Sun Microsystems Inc.
    VM Version: 20.4-b02
    JIT compiler: HotSpot 64-Bit Tiered Compilers
    VM Arguments: [-Dfile.encoding=UTF-8]
2012-11-29 22:06:37.595+0000: Java classpath:
     [bootstrap] C:\Program Files\Java\jdk1.6.0_29\jre\lib\modules\jdk.boot.jar
     [classpath + loader.0] file:/C:/Users/Sam/Documents/Personal/Graphetry/lib/neo4j/neo4j-community-1.7.jar
     [classpath + loader.0] file:/C:/Users/Sam/Documents/Personal/Graphetry/build/classes/
     [classpath + loader.0] file:/C:/Users/Sam/Documents/Personal/Graphetry/lib/neo4j/neo4j-udc-1.7.jar
     [bootstrap] C:\Program Files\Java\jdk1.6.0_29\jre\lib\jsse.jar
     [bootstrap] C:\Program Files\Java\jdk1.6.0_29\jre\lib\jce.jar
     [classpath + loader.0] file:/C:/Users/Sam/Documents/Personal/Graphetry/lib/neo4j/geronimo-jta_1.1_spec-1.1.1.jar
     [bootstrap] C:\Program Files\Java\jdk1.6.0_29\jre\lib\rt.jar
     [classpath + loader.0] file:/C:/Users/Sam/Documents/Personal/Graphetry/lib/neo4j/neo4j-graph-algo-1.7.jar
     [loader.1] file:/C:/Program%20Files/Java/jdk1.6.0_29/jre/lib/ext/sunjce_provider.jar
     [bootstrap] C:\Program Files\Java\jdk1.6.0_29\jre\lib\sunrsasign.jar
     [classpath + loader.0] file:/C:/Users/Sam/Documents/Personal/Graphetry/lib/neo4j/lucene-core-3.5.0.jar
     [classpath + loader.0] file:/C:/Users/Sam/Documents/Personal/Graphetry/lib/neo4j/org.apache.servicemix.bundles.jline-0.9.94_1.jar
     [classpath + loader.0] file:/C:/Users/Sam/Documents/Personal/Graphetry/lib/neo4j/neo4j-cypher-1.7.jar
     [classpath + loader.0] file:/C:/Users/Sam/Documents/Personal/Graphetry/lib/neo4j/neo4j-lucene-index-1.7.jar
     [bootstrap] C:\Program Files\Java\jdk1.6.0_29\jre\classes
     [classpath + loader.0] file:/C:/Users/Sam/Documents/Personal/Graphetry/lib/neo4j/neo4j-jmx-1.7.jar
     [bootstrap] C:\Program Files\Java\jdk1.6.0_29\jre\lib\charsets.jar
     [classpath + loader.0] file:/C:/Users/Sam/Documents/Personal/Graphetry/lib/neo4j/neo4j-kernel-1.7.jar
     [classpath + loader.0] file:/C:/Users/Sam/Documents/Personal/Graphetry/lib/neo4j/neo4j-shell-1.7.jar
     [classpath + loader.0] file:/C:/Users/Sam/Documents/Personal/Graphetry/lib/commons-lang3-3.1.jar
     [bootstrap] C:\Program Files\Java\jdk1.6.0_29\jre\lib\resources.jar
     [classpath + loader.0] file:/C:/Users/Sam/Documents/Personal/Graphetry/lib/neo4j/scala-library-2.9.0-1.jar
     [loader.1] file:/C:/Program%20Files/Java/jdk1.6.0_29/jre/lib/ext/dnsns.jar
     [classpath + loader.0] file:/C:/Users/Sam/Documents/Personal/Graphetry/lib/commons-codec-1.6.jar
     [classpath + loader.0] file:/C:/Users/Sam/Documents/Personal/Graphetry/lib/neo4j/neo4j-graph-matching-1.7.jar
     [loader.1] file:/C:/Program%20Files/Java/jdk1.6.0_29/jre/lib/ext/localedata.jar
     [classpath + loader.0] file:/C:/Users/Sam/Documents/Personal/Graphetry/lib/neo4j/server-api-1.7.jar
2012-11-29 22:06:37.602+0000: Library path:
    C:\Program Files\Java\jdk1.6.0_29\bin
    C:\Windows\Sun\Java\bin
    C:\Windows\System32
    C:\Windows
    C:\Windows\System32
    C:\Windows
    C:\Windows\System32\wbem
    C:\Windows\System32\WindowsPowerShell\v1.0
    C:\Program Files (x86)\ATI Technologies\ATI.ACE\Core-Static
    C:\Program Files\TortoiseSVN\bin
    C:\Program Files (x86)\Git\cmd
    C:\Program Files (x86)\Microsoft SQL Server\100\Tools\Binn\VSShell\Common7\IDE
    C:\Program Files (x86)\Microsoft SQL Server\100\Tools\Binn
    C:\Program Files\Microsoft SQL Server\100\Tools\Binn
    C:\Program Files (x86)\Microsoft SQL Server\100\DTS\Binn
    C:\Program Files\Java\jdk1.6.0_29\bin
    C:\Ruby193\bin
    C:\Users\Sam\Documents\Personal\Graphetry
2012-11-29 22:06:37.609+0000: System.properties:
    sun.boot.library.path = C:\Program Files\Java\jdk1.6.0_29\jre\bin
    path.separator = ;
    file.encoding.pkg = sun.io
    sun.java.launcher = SUN_STANDARD
    user.country = US
    sun.os.patch.level = Service Pack 1
    user.dir = C:\Users\Sam\Documents\Personal\Graphetry
    user.variant = 
    sun.jnu.encoding = Cp1252
    sun.management.compiler = HotSpot 64-Bit Tiered Compilers
    user.home = C:\Users\Sam
    user.timezone = America/Los_Angeles
    file.encoding = UTF-8
    user.name = Sam
    sun.java.command = graphetry.Graphetry
    sun.arch.data.model = 64
    user.language = en
    awt.toolkit = sun.awt.windows.WToolkit
    file.separator = \
    sun.io.unicode.encoding = UnicodeLittle
    sun.cpu.endian = little
    sun.desktop = windows
    sun.cpu.isalist = amd64
2012-11-29 22:06:37.613+0000: --- STARTUP diagnostics END ---
2012-11-29 22:06:37.636+0000: TM non resolved transactions found in C:\Users\Sam\Documents\Personal\Graphetry\gdbfolder\tm_tx_log.2
2012-11-29 22:06:37.945+0000: Rotating [C:\Users\Sam\Documents\Personal\Graphetry\gdbfolder\nioneo_logical.log.1] @ version=0 to C:\Users\Sam\Documents\Personal\Graphetry\gdbfolder\nioneo_logical.log.2 from position 4033634
2012-11-29 22:06:37.987+0000: Rotate: old log scanned, newLog @ pos=16
2012-11-29 22:06:38.070+0000: Log rotated, newLog @ pos=16, version 1 and last tx 2360
2012-11-29 22:06:38.768+0000: Rotating [C:\Users\Sam\Documents\Personal\Graphetry\gdbfolder\index\lucene.log.1] @ version=0 to C:\Users\Sam\Documents\Personal\Graphetry\gdbfolder\index\lucene.log.2 from position 576064
2012-11-29 22:06:39.070+0000: Rotate: old log scanned, newLog @ pos=16
2012-11-29 22:06:39.188+0000: Log rotated, newLog @ pos=16, version 1 and last tx 1353
2012-11-29 22:06:39.192+0000: Recovery completed, all transactions have been resolved to a consistent state.
2012-11-29 22:06:39.268+0000: Extension org.neo4j.kernel.KernelExtension[kernel jmx] loaded ok
2012-11-29 22:06:39.278+0000: Extension org.neo4j.kernel.KernelExtension[shell] loaded ok
2012-11-29 22:06:39.326+0000: Extension org.neo4j.kernel.KernelExtension[kernel udc] loaded ok
2012-11-29 22:06:39.331+0000: --- STARTUP diagnostics for KernelDiagnostics:Versions START ---
2012-11-29 22:06:39.332+0000: Graph Database: org.neo4j.kernel.EmbeddedGraphDatabase StoreId[time:1336600690904, id:-7948522166145243041, store version: 13561656364791302]
2012-11-29 22:06:39.332+0000: Kernel version: Neo4j - Graph Database Kernel 1.7
2012-11-29 22:06:39.332+0000: Neo4j component versions:
2012-11-29 22:06:39.332+0000:   Neo4j - Graph Database Kernel 1.7
2012-11-29 22:06:39.332+0000: --- STARTUP diagnostics for KernelDiagnostics:Versions END ---
2012-11-29 22:06:39.334+0000: --- STARTUP diagnostics for NEO_STORE_VERSIONS START ---
2012-11-29 22:06:39.335+0000: Store versions:
    Store versions:
      NeoStore v0.A.0
      NodeStore v0.A.0
      RelationshipStore v0.A.0
      RelationshipTypeStore v0.A.0
      PropertyStore v0.A.0
      PropertyIndexStore v0.A.0
      StringPropertyStore v0.A.0
      ArrayPropertyStore v0.A.0
2012-11-29 22:06:39.338+0000: --- STARTUP diagnostics for NEO_STORE_VERSIONS END ---
2012-11-29 22:06:39.338+0000: --- STARTUP diagnostics for NEO_STORE_ID_USAGE START ---
2012-11-29 22:06:39.338+0000: Id usage:
    Id usage:
      NodeStore: used=3020 high=3019
      RelationshipStore: used=27371 high=27370
      RelationshipTypeStore: used=2 high=1
      PropertyStore: used=3019 high=3018
      PropertyIndexStore: used=3 high=2
      StringPropertyStore: used=1 high=0
      ArrayPropertyStore: used=1 high=0
2012-11-29 22:06:39.342+0000: --- STARTUP diagnostics for NEO_STORE_ID_USAGE END ---
2012-11-29 22:06:39.343+0000: --- STARTUP diagnostics for KernelDiagnostics:StoreFiles START ---
2012-11-29 22:06:39.343+0000: Storage files:
    active_tx_log: 11.00 B
    index:
      lucene:
        node:
          node_idx:
            segments.gen: 20.00 B
            segments_1: 2.13 kB
            write.lock: 0.00 B
            _13g.fdt: 70.20 kB
            _13g.fdx: 22.54 kB
            _13g.frq: 17.25 kB
            _13g.nrm: 11.27 kB
            _13g.prx: 9.25 kB
            _13g.tis: 53.45 kB
            _14x.cfs: 3.12 kB
            _156.cfs: 4.65 kB
            _157.cfs: 297.00 B
            _158.cfs: 283.00 B
            _159.cfs: 413.00 B
            _15a.cfs: 301.00 B
            _15b.cfs: 776.00 B
            _15c.cfs: 300.00 B
            _15d.cfs: 298.00 B
            _15e.fdt: 73.24 kB
            _15e.fdx: 23.50 kB
            _15e.fnm: 36.00 B
            _15e.frq: 18.00 kB
            _15e.nrm: 11.75 kB
            _15e.prx: 9.64 kB
            _15e.tii: 839.00 B
            _15e.tis: 55.53 kB
            _15f.cfs: 378.00 B
            _15g.cfs: 297.00 B
            _15h.cfs: 304.00 B
            _15i.cfs: 282.00 B
            _15j.cfs: 383.00 B
            _15k.cfs: 285.00 B
            _15l.cfs: 289.00 B
            _15m.cfs: 304.00 B
            _15n.cfs: 291.00 B
            _15o.fdt: 73.51 kB
            _15o.fdx: 23.59 kB
            _15o.fnm: 36.00 B
            _15o.frq: 18.07 kB
            _15o.nrm: 11.80 kB
            _15o.prx: 9.68 kB
            _15o.tii: 821.00 B
            _15o.tis: 55.72 kB
          - Total: 584.97 kB
        - Total: 584.97 kB
      - Total: 584.97 kB
      lucene-store.db: 40.00 B
      lucene.log.2: 16.00 B
      lucene.log.active: 4.00 B
    - Total: 585.03 kB
    index.db: 109.00 B
    lock: 0.00 B
    messages.log: 29.29 kB
    neostore: 54.00 B
    neostore.id: 9.00 B
    neostore.nodestore.db: 45.05 kB
    neostore.nodestore.db.id: 9.00 B
    neostore.propertystore.db: 829.41 kB
    neostore.propertystore.db.arrays: 128.00 B
    neostore.propertystore.db.arrays.id: 9.00 B
    neostore.propertystore.db.id: 9.00 B
    neostore.propertystore.db.index: 10.24 kB
    neostore.propertystore.db.index.id: 9.00 B
    neostore.propertystore.db.index.keys: 1.00 kB
    neostore.propertystore.db.index.keys.id: 9.00 B
    neostore.propertystore.db.strings: 128.00 B
    neostore.propertystore.db.strings.id: 9.00 B
    neostore.relationshipstore.db: 1024.00 kB
    neostore.relationshipstore.db.id: 9.00 B
    neostore.relationshiptypestore.db: 10.00 B
    neostore.relationshiptypestore.db.id: 9.00 B
    neostore.relationshiptypestore.db.names: 114.00 B
    neostore.relationshiptypestore.db.names.id: 9.00 B
    nioneo_logical.log.2: 16.00 B
    nioneo_logical.log.active: 4.00 B
    tm_tx_log.1: 28.92 kB
    tm_tx_log.2: 0.00 B
2012-11-29 22:06:39.377+0000: --- STARTUP diagnostics for KernelDiagnostics:StoreFiles END ---
2012-11-29 22:06:39.381+0000: Started - database is now available
2012-11-29 22:06:39.433+0000: GC Monitor started. 
2012-11-29 22:06:39.896+0000: GC Monitor: Application threads blocked for an additional 128ms [total block time: 0.128s]
2012-11-29 22:06:41.894+0000: GC Monitor: Application threads blocked for an additional 133ms [total block time: 0.261s]
2012-11-29 22:06:43.550+0000: GC Monitor: Application threads blocked for an additional 113ms [total block time: 0.374s]
2012-11-29 22:06:50.505+0000: GC Monitor: Application threads blocked for an additional 127ms [total block time: 0.501s]
2012-11-29 22:06:51.119+0000: Stopping - database is now unavailable
2012-11-29 22:06:51.138+0000: TM shutting down
2012-11-29 22:06:51.176+0000: GC Monitor stopped. 
2012-11-29 22:06:51.819+0000: Closed log C:\Users\Sam\Documents\Personal\Graphetry\gdbfolder\index\lucene.log
2012-11-29 22:06:52.088+0000: Closed log C:\Users\Sam\Documents\Personal\Graphetry\gdbfolder\nioneo_logical.log
2012-11-29 22:06:53.793+0000: NeoStore closed
2012-11-29 22:06:53.795+0000: --- SHUTDOWN diagnostics START ---
2012-11-29 22:06:53.796+0000: --- SHUTDOWN diagnostics END ---
2012-11-29 22:07:22.367+0000: Opened [C:\Users\Sam\Documents\Personal\Graphetry\gdbfolder\nioneo_logical.log.1] clean empty log, version=1, lastTxId=2360
2012-11-29 22:07:22.430+0000: TM opening log: C:\Users\Sam\Documents\Personal\Graphetry\gdbfolder\tm_tx_log.2
2012-11-29 22:07:22.452+0000: Opened [C:\Users\Sam\Documents\Personal\Graphetry\gdbfolder\index\lucene.log.1] clean empty log, version=1, lastTxId=1353
2012-11-29 22:07:22.497+0000: --- STARTUP diagnostics START ---
2012-11-29 22:07:22.499+0000: Neo4j Kernel properties:
    store_dir=C:\Users\Sam\Documents\Personal\Graphetry\gdbfolder
    remote_logging_host=127.0.0.1
    read_only=false
    neo4j.ext.udc.host=udc.neo4j.org
    logical_log=C:\Users\Sam\Documents\Personal\Graphetry\gdbfolder\nioneo_logical.log
    remote_logging_port=4560
    gc_monitor_threshold=200ms
    load_kernel_extensions=true
    array_block_size=120
    intercept_committing_transactions=false
    node_auto_indexing=false
    neostore.relationshipstore.db.mapped_memory=100M
    remote_shell_name=shell
    dump_configuration=false
    gc_monitor_wait_time=100ms
    cache_type=soft
    intercept_deserialized_transactions=false
    neostore.nodestore.db.mapped_memory=22M
    neo4j.ext.udc.first_delay=600000
    remote_shell_enabled=false
    neo4j.ext.udc.reg=unreg
    remote_shell_port=1337
    lucene_searcher_cache_size=2147483647
    neo4j.ext.udc.interval=86400000
    use_memory_mapped_buffers=false
    rebuild_idgenerators_fast=true
    ephemeral=false
    neostore.propertystore.db.index.keys.mapped_memory=1M
    neostore.propertystore.db.strings.mapped_memory=69M
    neostore.propertystore.db.arrays.mapped_memory=79M
    neo_store=C:\Users\Sam\Documents\Personal\Graphetry\gdbfolder\neostore
    neostore.propertystore.db.index.mapped_memory=1M
    backup_slave=false
    neostore.propertystore.db.mapped_memory=81M
    gcr_cache_min_log_interval=60s
    relationship_auto_indexing=false
    relationship_grab_size=100
    string_block_size=120
    remote_shell_read_only=false
    lucene_writer_cache_size=2147483647
    grab_file_lock=true
    node_cache_array_fraction=1.0
    remote_logging_enabled=false
    allow_store_upgrade=false
    execution_guard_enabled=false
    neo4j.ext.udc.enabled=true
    relationship_cache_array_fraction=1.0
2012-11-29 22:07:22.506+0000: Diagnostics providers:
    org.neo4j.kernel.configuration.Config
    org.neo4j.kernel.info.DiagnosticsManager
    SYSTEM_MEMORY
    JAVA_MEMORY
    OPERATING_SYSTEM
    JAVA_VIRTUAL_MACHINE
    CLASSPATH
    LIBRARY_PATH
    SYSTEM_PROPERTIES
2012-11-29 22:07:22.509+0000: System memory information:
    Total Physical memory: 5.87 GB
    Free Physical memory: 2.91 GB
    Committed virtual memory: 133.01 MB
    Total swap space: 11.74 GB
    Free swap space: 8.35 GB
2012-11-29 22:07:22.518+0000: JVM memory information:
    Free  memory: 77.96 MB
    Total memory: 90.13 MB
    Max   memory: 1.31 GB
    Garbage Collector: PS Scavenge: [PS Eden Space, PS Survivor Space]
    Garbage Collector: PS MarkSweep: [PS Eden Space, PS Survivor Space, PS Old Gen, PS Perm Gen]
    Memory Pool: Code Cache (Non-heap memory): committed=2.44 MB, used=463.13 kB, max=48.00 MB, threshold=0.00 B
    Memory Pool: PS Eden Space (Heap memory): committed=23.56 MB, used=12.16 MB, max=493.56 MB, threshold=?
    Memory Pool: PS Survivor Space (Heap memory): committed=3.88 MB, used=0.00 B, max=3.88 MB, threshold=?
    Memory Pool: PS Old Gen (Heap memory): committed=62.69 MB, used=0.00 B, max=1002.69 MB, threshold=0.00 B
    Memory Pool: PS Perm Gen (Non-heap memory): committed=20.75 MB, used=7.77 MB, max=82.00 MB, threshold=0.00 B
2012-11-29 22:07:22.524+0000: Operating system information:
    Operating System: Windows 7; version: 6.1; arch: amd64; cpus: 2
    Process id: 5616@SamW7
    Byte order: LITTLE_ENDIAN
2012-11-29 22:07:22.537+0000: JVM information:
    VM Name: Java HotSpot(TM) 64-Bit Server VM
    VM Vendor: Sun Microsystems Inc.
    VM Version: 20.4-b02
    JIT compiler: HotSpot 64-Bit Tiered Compilers
    VM Arguments: [-Dfile.encoding=UTF-8]
2012-11-29 22:07:22.540+0000: Java classpath:
     [bootstrap] C:\Program Files\Java\jdk1.6.0_29\jre\lib\modules\jdk.boot.jar
     [classpath + loader.0] file:/C:/Users/Sam/Documents/Personal/Graphetry/lib/neo4j/neo4j-community-1.7.jar
     [classpath + loader.0] file:/C:/Users/Sam/Documents/Personal/Graphetry/build/classes/
     [classpath + loader.0] file:/C:/Users/Sam/Documents/Personal/Graphetry/lib/neo4j/neo4j-udc-1.7.jar
     [bootstrap] C:\Program Files\Java\jdk1.6.0_29\jre\lib\jsse.jar
     [bootstrap] C:\Program Files\Java\jdk1.6.0_29\jre\lib\jce.jar
     [classpath + loader.0] file:/C:/Users/Sam/Documents/Personal/Graphetry/lib/neo4j/geronimo-jta_1.1_spec-1.1.1.jar
     [bootstrap] C:\Program Files\Java\jdk1.6.0_29\jre\lib\rt.jar
     [classpath + loader.0] file:/C:/Users/Sam/Documents/Personal/Graphetry/lib/neo4j/neo4j-graph-algo-1.7.jar
     [loader.1] file:/C:/Program%20Files/Java/jdk1.6.0_29/jre/lib/ext/sunjce_provider.jar
     [bootstrap] C:\Program Files\Java\jdk1.6.0_29\jre\lib\sunrsasign.jar
     [classpath + loader.0] file:/C:/Users/Sam/Documents/Personal/Graphetry/lib/neo4j/lucene-core-3.5.0.jar
     [classpath + loader.0] file:/C:/Users/Sam/Documents/Personal/Graphetry/lib/neo4j/org.apache.servicemix.bundles.jline-0.9.94_1.jar
     [classpath + loader.0] file:/C:/Users/Sam/Documents/Personal/Graphetry/lib/neo4j/neo4j-cypher-1.7.jar
     [classpath + loader.0] file:/C:/Users/Sam/Documents/Personal/Graphetry/lib/neo4j/neo4j-lucene-index-1.7.jar
     [bootstrap] C:\Program Files\Java\jdk1.6.0_29\jre\classes
     [classpath + loader.0] file:/C:/Users/Sam/Documents/Personal/Graphetry/lib/neo4j/neo4j-jmx-1.7.jar
     [bootstrap] C:\Program Files\Java\jdk1.6.0_29\jre\lib\charsets.jar
     [classpath + loader.0] file:/C:/Users/Sam/Documents/Personal/Graphetry/lib/neo4j/neo4j-kernel-1.7.jar
     [classpath + loader.0] file:/C:/Users/Sam/Documents/Personal/Graphetry/lib/neo4j/neo4j-shell-1.7.jar
     [classpath + loader.0] file:/C:/Users/Sam/Documents/Personal/Graphetry/lib/commons-lang3-3.1.jar
     [bootstrap] C:\Program Files\Java\jdk1.6.0_29\jre\lib\resources.jar
     [classpath + loader.0] file:/C:/Users/Sam/Documents/Personal/Graphetry/lib/neo4j/scala-library-2.9.0-1.jar
     [loader.1] file:/C:/Program%20Files/Java/jdk1.6.0_29/jre/lib/ext/dnsns.jar
     [classpath + loader.0] file:/C:/Users/Sam/Documents/Personal/Graphetry/lib/commons-codec-1.6.jar
     [classpath + loader.0] file:/C:/Users/Sam/Documents/Personal/Graphetry/lib/neo4j/neo4j-graph-matching-1.7.jar
     [loader.1] file:/C:/Program%20Files/Java/jdk1.6.0_29/jre/lib/ext/localedata.jar
     [classpath + loader.0] file:/C:/Users/Sam/Documents/Personal/Graphetry/lib/neo4j/server-api-1.7.jar
2012-11-29 22:07:22.548+0000: Library path:
    C:\Program Files\Java\jdk1.6.0_29\bin
    C:\Windows\Sun\Java\bin
    C:\Windows\System32
    C:\Windows
    C:\Windows\System32
    C:\Windows
    C:\Windows\System32\wbem
    C:\Windows\System32\WindowsPowerShell\v1.0
    C:\Program Files (x86)\ATI Technologies\ATI.ACE\Core-Static
    C:\Program Files\TortoiseSVN\bin
    C:\Program Files (x86)\Git\cmd
    C:\Program Files (x86)\Microsoft SQL Server\100\Tools\Binn\VSShell\Common7\IDE
    C:\Program Files (x86)\Microsoft SQL Server\100\Tools\Binn
    C:\Program Files\Microsoft SQL Server\100\Tools\Binn
    C:\Program Files (x86)\Microsoft SQL Server\100\DTS\Binn
    C:\Program Files\Java\jdk1.6.0_29\bin
    C:\Ruby193\bin
    C:\Users\Sam\Documents\Personal\Graphetry
2012-11-29 22:07:22.554+0000: System.properties:
    sun.boot.library.path = C:\Program Files\Java\jdk1.6.0_29\jre\bin
    path.separator = ;
    file.encoding.pkg = sun.io
    sun.java.launcher = SUN_STANDARD
    user.country = US
    sun.os.patch.level = Service Pack 1
    user.dir = C:\Users\Sam\Documents\Personal\Graphetry
    user.variant = 
    sun.jnu.encoding = Cp1252
    sun.management.compiler = HotSpot 64-Bit Tiered Compilers
    user.home = C:\Users\Sam
    user.timezone = America/Los_Angeles
    file.encoding = UTF-8
    user.name = Sam
    sun.java.command = graphetry.Graphetry
    sun.arch.data.model = 64
    user.language = en
    awt.toolkit = sun.awt.windows.WToolkit
    file.separator = \
    sun.io.unicode.encoding = UnicodeLittle
    sun.cpu.endian = little
    sun.desktop = windows
    sun.cpu.isalist = amd64
2012-11-29 22:07:22.558+0000: --- STARTUP diagnostics END ---
2012-11-29 22:07:22.621+0000: Extension org.neo4j.kernel.KernelExtension[kernel jmx] loaded ok
2012-11-29 22:07:22.625+0000: Extension org.neo4j.kernel.KernelExtension[shell] loaded ok
2012-11-29 22:07:22.651+0000: Extension org.neo4j.kernel.KernelExtension[kernel udc] loaded ok
2012-11-29 22:07:22.657+0000: --- STARTUP diagnostics for KernelDiagnostics:Versions START ---
2012-11-29 22:07:22.657+0000: Graph Database: org.neo4j.kernel.EmbeddedGraphDatabase StoreId[time:1336600690904, id:-7948522166145243041, store version: 13561656364791302]
2012-11-29 22:07:22.658+0000: Kernel version: Neo4j - Graph Database Kernel 1.7
2012-11-29 22:07:22.658+0000: Neo4j component versions:
2012-11-29 22:07:22.658+0000:   Neo4j - Graph Database Kernel 1.7
2012-11-29 22:07:22.659+0000: --- STARTUP diagnostics for KernelDiagnostics:Versions END ---
2012-11-29 22:07:22.661+0000: --- STARTUP diagnostics for NEO_STORE_VERSIONS START ---
2012-11-29 22:07:22.661+0000: Store versions:
    Store versions:
      NeoStore v0.A.0
      NodeStore v0.A.0
      RelationshipStore v0.A.0
      RelationshipTypeStore v0.A.0
      PropertyStore v0.A.0
      PropertyIndexStore v0.A.0
      StringPropertyStore v0.A.0
      ArrayPropertyStore v0.A.0
2012-11-29 22:07:22.669+0000: --- STARTUP diagnostics for NEO_STORE_VERSIONS END ---
2012-11-29 22:07:22.669+0000: --- STARTUP diagnostics for NEO_STORE_ID_USAGE START ---
2012-11-29 22:07:22.669+0000: Id usage:
    Id usage:
      NodeStore: used=3020 high=3019
      RelationshipStore: used=27371 high=27370
      RelationshipTypeStore: used=2 high=1
      PropertyStore: used=3019 high=3018
      PropertyIndexStore: used=3 high=2
      StringPropertyStore: used=1 high=0
      ArrayPropertyStore: used=1 high=0
2012-11-29 22:07:22.673+0000: --- STARTUP diagnostics for NEO_STORE_ID_USAGE END ---
2012-11-29 22:07:22.673+0000: --- STARTUP diagnostics for KernelDiagnostics:StoreFiles START ---
2012-11-29 22:07:22.673+0000: Storage files:
    active_tx_log: 11.00 B
    index:
      lucene:
        node:
          node_idx:
            segments.gen: 20.00 B
            segments_2: 281.00 B
            _15o.fdt: 73.51 kB
            _15o.fdx: 23.59 kB
            _15o.fnm: 36.00 B
            _15o.frq: 18.07 kB
            _15o.nrm: 11.80 kB
            _15o.prx: 9.68 kB
            _15o.tii: 821.00 B
            _15o.tis: 55.72 kB
          - Total: 193.50 kB
        - Total: 193.50 kB
      - Total: 193.50 kB
      lucene-store.db: 40.00 B
      lucene.log.1: 16.00 B
      lucene.log.active: 4.00 B
    - Total: 193.56 kB
    index.db: 109.00 B
    lock: 0.00 B
    messages.log: 43.64 kB
    neostore: 54.00 B
    neostore.id: 9.00 B
    neostore.nodestore.db: 26.54 kB
    neostore.nodestore.db.id: 9.00 B
    neostore.propertystore.db: 120.88 kB
    neostore.propertystore.db.arrays: 128.00 B
    neostore.propertystore.db.arrays.id: 9.00 B
    neostore.propertystore.db.id: 9.00 B
    neostore.propertystore.db.index: 27.00 B
    neostore.propertystore.db.index.id: 9.00 B
    neostore.propertystore.db.index.keys: 152.00 B
    neostore.propertystore.db.index.keys.id: 9.00 B
    neostore.propertystore.db.strings: 128.00 B
    neostore.propertystore.db.strings.id: 9.00 B
    neostore.relationshipstore.db: 882.07 kB
    neostore.relationshipstore.db.id: 9.00 B
    neostore.relationshiptypestore.db: 10.00 B
    neostore.relationshiptypestore.db.id: 9.00 B
    neostore.relationshiptypestore.db.names: 114.00 B
    neostore.relationshiptypestore.db.names.id: 9.00 B
    nioneo_logical.log.1: 16.00 B
    nioneo_logical.log.active: 4.00 B
    tm_tx_log.1: 28.92 kB
    tm_tx_log.2: 0.00 B
2012-11-29 22:07:22.699+0000: --- STARTUP diagnostics for KernelDiagnostics:StoreFiles END ---
2012-11-29 22:07:22.701+0000: Started - database is now available
2012-11-29 22:07:22.701+0000: GC Monitor started. 
2012-11-29 22:07:29.835+0000: GC Monitor: Application threads blocked for an additional 132ms [total block time: 0.132s]
2012-11-29 22:08:01.653+0000: GC Monitor: Application threads blocked for an additional 564ms [total block time: 0.696s]
2012-11-29 22:08:01.936+0000: GC Monitor: Application threads blocked for an additional 158ms [total block time: 0.854s]
2012-11-29 22:08:03.486+0000: GC Monitor: Application threads blocked for an additional 108ms [total block time: 0.962s]
2012-11-29 22:08:12.991+0000: Stopping - database is now unavailable
2012-11-29 22:08:13.008+0000: TM shutting down
2012-11-29 22:08:13.070+0000: GC Monitor stopped. 
2012-11-29 22:08:13.101+0000: Closed log C:\Users\Sam\Documents\Personal\Graphetry\gdbfolder\index\lucene.log
2012-11-29 22:08:13.363+0000: Closed log C:\Users\Sam\Documents\Personal\Graphetry\gdbfolder\nioneo_logical.log
2012-11-29 22:08:14.590+0000: NeoStore closed
2012-11-29 22:08:14.593+0000: --- SHUTDOWN diagnostics START ---
2012-11-29 22:08:14.593+0000: --- SHUTDOWN diagnostics END ---
